hackTest-Codegen/hackTest-CRUD/build/outputs/logs/manifest-merger-debug-report.txt
-- Merging decision tree log ---
manifest
ADDED from src/main/AndroidManifest.xml:2:1-31:12
	package
		ADDED from src/main/AndroidManifest.xml:3:11-55
		INJECTED from src/main/AndroidManifest.xml
		INJECTED from src/main/AndroidManifest.xml
	android:versionName
		INJECTED from src/main/AndroidManifest.xml
		INJECTED from src/main/AndroidManifest.xml
	xmlns:android
		ADDED from src/main/AndroidManifest.xml:2:11-69
	android:versionCode
		INJECTED from src/main/AndroidManifest.xml
		INJECTED from src/main/AndroidManifest.xml
uses-sdk
ADDED from src/main/AndroidManifest.xml:5:5-43
MERGED from [hackTest-Codegen:hackTest-Data:unspecified] AndroidManifest.xml:7:5-9:41
	android:targetSdkVersion
		INJECTED from src/main/AndroidManifest.xml
		INJECTED from src/main/AndroidManifest.xml
	android:minSdkVersion
		ADDED from src/main/AndroidManifest.xml:5:15-41
		INJECTED from src/main/AndroidManifest.xml
		INJECTED from src/main/AndroidManifest.xml
uses-permission#android.permission.INTERNET
ADDED from src/main/AndroidManifest.xml:6:5-66
	android:name
		ADDED from src/main/AndroidManifest.xml:6:22-64
application
ADDED from src/main/AndroidManifest.xml:7:5-30:19
	android:label
		ADDED from src/main/AndroidManifest.xml:8:13-45
	android:name
		ADDED from src/main/AndroidManifest.xml:9:13-51
activity#com.backendless.hacktest.data.crud.start.SelectTableActivity
ADDED from src/main/AndroidManifest.xml:10:9-15:20
	android:name
		ADDED from src/main/AndroidManifest.xml:10:19-60
intent-filter#android.intent.action.MAIN+android.intent.category.LAUNCHER
ADDED from src/main/AndroidManifest.xml:11:13-14:29
action#android.intent.action.MAIN
ADDED from src/main/AndroidManifest.xml:12:17-68
	android:name
		ADDED from src/main/AndroidManifest.xml:12:25-66
category#android.intent.category.LAUNCHER
ADDED from src/main/AndroidManifest.xml:13:17-76
	android:name
		ADDED from src/main/AndroidManifest.xml:13:27-74
activity#com.backendless.hacktest.data.crud.start.SelectTableOperationActivity
ADDED from src/main/AndroidManifest.xml:16:9-71
	android:name
		ADDED from src/main/AndroidManifest.xml:16:19-69
activity#com.backendless.hacktest.data.crud.create.CreateRecordActivity
ADDED from src/main/AndroidManifest.xml:17:9-64
	android:name
		ADDED from src/main/AndroidManifest.xml:17:19-62
activity#com.backendless.hacktest.data.crud.create.CreateSuccessActivity
ADDED from src/main/AndroidManifest.xml:18:9-65
	android:name
		ADDED from src/main/AndroidManifest.xml:18:19-63
activity#com.backendless.hacktest.data.crud.common.SendEmailActivity
ADDED from src/main/AndroidManifest.xml:19:9-61
	android:name
		ADDED from src/main/AndroidManifest.xml:19:19-59
activity#com.backendless.hacktest.data.crud.retrieve.SelectRetrievalTypeActivity
ADDED from src/main/AndroidManifest.xml:20:9-73
	android:name
		ADDED from src/main/AndroidManifest.xml:20:19-71
activity#com.backendless.hacktest.data.crud.delete.DeleteRecordActivity
ADDED from src/main/AndroidManifest.xml:21:9-64
	android:name
		ADDED from src/main/AndroidManifest.xml:21:19-62
activity#com.backendless.hacktest.data.crud.delete.DeleteSuccessActivity
ADDED from src/main/AndroidManifest.xml:22:9-65
	android:name
		ADDED from src/main/AndroidManifest.xml:22:19-63
activity#com.backendless.hacktest.data.crud.update.UpdateRecordActivity
ADDED from src/main/AndroidManifest.xml:23:9-64
	android:name
		ADDED from src/main/AndroidManifest.xml:23:19-62
activity#com.backendless.hacktest.data.crud.update.UpdateSuccessActivity
ADDED from src/main/AndroidManifest.xml:24:9-65
	android:name
		ADDED from src/main/AndroidManifest.xml:24:19-63
activity#com.backendless.hacktest.data.crud.retrieve.ShowByPropertyActivity
ADDED from src/main/AndroidManifest.xml:25:9-68
	android:name
		ADDED from src/main/AndroidManifest.xml:25:19-66
activity#com.backendless.hacktest.data.crud.retrieve.RetrieveRecordActivity
ADDED from src/main/AndroidManifest.xml:26:9-68
	android:name
		ADDED from src/main/AndroidManifest.xml:26:19-66
activity#com.backendless.hacktest.data.crud.retrieve.ShowEntityActivity
ADDED from src/main/AndroidManifest.xml:27:9-64
	android:name
		ADDED from src/main/AndroidManifest.xml:27:19-62
service#com.backendless.AndroidService
ADDED from src/main/AndroidManifest.xml:29:9-65
	android:name
		ADDED from src/main/AndroidManifest.xml:29:18-63